# JRE version: Java(TM) SE Runtime Environment (8.0_112-b15) (build 1.8.0_112-b15)
# Java VM: Java HotSpot(TM) 64-Bit Server VM (25.112-b15 mixed mode windows-amd64 compressed oops)
Heap:
 PSYoungGen      total 53248K, used 19782K [0x00000007bc400000, 0x00000007c0000000, 0x00000007c0000000)
  eden space 47104K, 30% used [0x00000007bc400000,0x00000007bd1d1b60,0x00000007bf200000)
  from space 6144K, 91% used [0x00000007bf300000,0x00000007bf880010,0x00000007bf900000)
  to   space 7168K, 0% used [0x00000007bf900000,0x00000007bf900000,0x00000007c0000000)
 ParOldGen       total 98816K, used 56673K [0x0000000700000000, 0x0000000706080000, 0x00000007bc400000)
  object space 98816K, 57% used [0x0000000700000000,0x0000000703758780,0x0000000706080000)
 Metaspace       used 71121K, capacity 71895K, committed 72448K, reserved 1112064K
  class space    used 10016K, capacity 10170K, committed 10240K, reserved 1048576K
GC Heap History (10 events):
Event: 3957.494 GC heap before
{Heap before GC invocations=131 (full 10):
 PSYoungGen      total 55296K, used 49440K [0x00000007bc400000, 0x00000007c0000000, 0x00000007c0000000)
  eden space 48640K, 100% used [0x00000007bc400000,0x00000007bf380000,0x00000007bf380000)
  from space 6656K, 12% used [0x00000007bf980000,0x00000007bfa48000,0x00000007c0000000)
  to   space 6144K, 0% used [0x00000007bf380000,0x00000007bf380000,0x00000007bf980000)
 ParOldGen       total 98816K, used 46241K [0x0000000700000000, 0x0000000706080000, 0x00000007bc400000)
  object space 98816K, 46% used [0x0000000700000000,0x0000000702d28760,0x0000000706080000)
 Metaspace       used 71074K, capacity 71767K, committed 72448K, reserved 1112064K
  class space    used 10013K, capacity 10170K, committed 10240K, reserved 1048576K
Event: 3957.498 GC heap after
Heap after GC invocations=131 (full 10):
 PSYoungGen      total 54784K, used 864K [0x00000007bc400000, 0x00000007c0000000, 0x00000007c0000000)
  eden space 48640K, 0% used [0x00000007bc400000,0x00000007bc400000,0x00000007bf380000)
  from space 6144K, 14% used [0x00000007bf380000,0x00000007bf458000,0x00000007bf980000)
  to   space 6144K, 0% used [0x00000007bfa00000,0x00000007bfa00000,0x00000007c0000000)
 ParOldGen       total 98816K, used 46241K [0x0000000700000000, 0x0000000706080000, 0x00000007bc400000)
  object space 98816K, 46% used [0x0000000700000000,0x0000000702d28760,0x0000000706080000)
 Metaspace       used 71074K, capacity 71767K, committed 72448K, reserved 1112064K
  class space    used 10013K, capacity 10170K, committed 10240K, reserved 1048576K
}
Event: 4092.850 GC heap before
{Heap before GC invocations=132 (full 10):
 PSYoungGen      total 54784K, used 49504K [0x00000007bc400000, 0x00000007c0000000, 0x00000007c0000000)
  eden space 48640K, 100% used [0x00000007bc400000,0x00000007bf380000,0x00000007bf380000)
  from space 6144K, 14% used [0x00000007bf380000,0x00000007bf458000,0x00000007bf980000)
  to   space 6144K, 0% used [0x00000007bfa00000,0x00000007bfa00000,0x00000007c0000000)
 ParOldGen       total 98816K, used 46241K [0x0000000700000000, 0x0000000706080000, 0x00000007bc400000)
  object space 98816K, 46% used [0x0000000700000000,0x0000000702d28760,0x0000000706080000)
 Metaspace       used 71078K, capacity 71767K, committed 72448K, reserved 1112064K
  class space    used 10013K, capacity 10170K, committed 10240K, reserved 1048576K
Event: 4092.855 GC heap after
Heap after GC invocations=132 (full 10):
 PSYoungGen      total 55808K, used 832K [0x00000007bc400000, 0x00000007c0000000, 0x00000007c0000000)
  eden space 49664K, 0% used [0x00000007bc400000,0x00000007bc400000,0x00000007bf480000)
  from space 6144K, 13% used [0x00000007bfa00000,0x00000007bfad0000,0x00000007c0000000)
  to   space 5632K, 0% used [0x00000007bf480000,0x00000007bf480000,0x00000007bfa00000)
 ParOldGen       total 98816K, used 46241K [0x0000000700000000, 0x0000000706080000, 0x00000007bc400000)
  object space 98816K, 46% used [0x0000000700000000,0x0000000702d28760,0x0000000706080000)
 Metaspace       used 71078K, capacity 71767K, committed 72448K, reserved 1112064K
  class space    used 10013K, capacity 10170K, committed 10240K, reserved 1048576K
}
Event: 4201.415 GC heap before
{Heap before GC invocations=133 (full 10):
 PSYoungGen      total 55808K, used 47796K [0x00000007bc400000, 0x00000007c0000000, 0x00000007c0000000)
  eden space 49664K, 94% used [0x00000007bc400000,0x00000007bf1dd148,0x00000007bf480000)
  from space 6144K, 13% used [0x00000007bfa00000,0x00000007bfad0000,0x00000007c0000000)
  to   space 5632K, 0% used [0x00000007bf480000,0x00000007bf480000,0x00000007bfa00000)
 ParOldGen       total 98816K, used 46241K [0x0000000700000000, 0x0000000706080000, 0x00000007bc400000)
  object space 98816K, 46% used [0x0000000700000000,0x0000000702d28760,0x0000000706080000)
 Metaspace       used 71082K, capacity 71767K, committed 72448K, reserved 1112064K
  class space    used 10014K, capacity 10170K, committed 10240K, reserved 1048576K
Event: 4201.422 GC heap after
Heap after GC invocations=133 (full 10):
 PSYoungGen      total 55296K, used 704K [0x00000007bc400000, 0x00000007c0000000, 0x00000007c0000000)
  eden space 49664K, 0% used [0x00000007bc400000,0x00000007bc400000,0x00000007bf480000)
  from space 5632K, 12% used [0x00000007bf480000,0x00000007bf530000,0x00000007bfa00000)
  to   space 5632K, 0% used [0x00000007bfa80000,0x00000007bfa80000,0x00000007c0000000)
 ParOldGen       total 98816K, used 46241K [0x0000000700000000, 0x0000000706080000, 0x00000007bc400000)
  object space 98816K, 46% used [0x0000000700000000,0x0000000702d28760,0x0000000706080000)
 Metaspace       used 71082K, capacity 71767K, committed 72448K, reserved 1112064K
  class space    used 10014K, capacity 10170K, committed 10240K, reserved 1048576K
}
Event: 4240.764 GC heap before
{Heap before GC invocations=134 (full 10):
 PSYoungGen      total 55296K, used 50368K [0x00000007bc400000, 0x00000007c0000000, 0x00000007c0000000)
  eden space 49664K, 100% used [0x00000007bc400000,0x00000007bf480000,0x00000007bf480000)
  from space 5632K, 12% used [0x00000007bf480000,0x00000007bf530000,0x00000007bfa00000)
  to   space 5632K, 0% used [0x00000007bfa80000,0x00000007bfa80000,0x00000007c0000000)
 ParOldGen       total 98816K, used 46241K [0x0000000700000000, 0x0000000706080000, 0x00000007bc400000)
  object space 98816K, 46% used [0x0000000700000000,0x0000000702d28760,0x0000000706080000)
 Metaspace       used 71093K, capacity 71767K, committed 72448K, reserved 1112064K
  class space    used 10016K, capacity 10170K, committed 10240K, reserved 1048576K
Event: 4240.803 GC heap after
Heap after GC invocations=134 (full 10):
 PSYoungGen      total 53760K, used 5600K [0x00000007bc400000, 0x00000007c0000000, 0x00000007c0000000)
  eden space 48128K, 0% used [0x00000007bc400000,0x00000007bc400000,0x00000007bf300000)
  from space 5632K, 99% used [0x00000007bfa80000,0x00000007bfff8010,0x00000007c0000000)
  to   space 6656K, 0% used [0x00000007bf300000,0x00000007bf300000,0x00000007bf980000)
 ParOldGen       total 98816K, used 46305K [0x0000000700000000, 0x0000000706080000, 0x00000007bc400000)
  object space 98816K, 46% used [0x0000000700000000,0x0000000702d38760,0x0000000706080000)
 Metaspace       used 71093K, capacity 71767K, committed 72448K, reserved 1112064K
  class space    used 10016K, capacity 10170K, committed 10240K, reserved 1048576K
}
Event: 4244.233 GC heap before
{Heap before GC invocations=135 (full 10):
 PSYoungGen      total 53760K, used 53728K [0x00000007bc400000, 0x00000007c0000000, 0x00000007c0000000)
  eden space 48128K, 100% used [0x00000007bc400000,0x00000007bf300000,0x00000007bf300000)
  from space 5632K, 99% used [0x00000007bfa80000,0x00000007bfff8010,0x00000007c0000000)
  to   space 6656K, 0% used [0x00000007bf300000,0x00000007bf300000,0x00000007bf980000)
 ParOldGen       total 98816K, used 46305K [0x0000000700000000, 0x0000000706080000, 0x00000007bc400000)
  object space 98816K, 46% used [0x0000000700000000,0x0000000702d38760,0x0000000706080000)
 Metaspace       used 71118K, capacity 71895K, committed 72448K, reserved 1112064K
  class space    used 10016K, capacity 10170K, committed 10240K, reserved 1048576K
Event: 4244.245 GC heap after
Heap after GC invocations=135 (full 10):
 PSYoungGen      total 53248K, used 5632K [0x00000007bc400000, 0x00000007c0000000, 0x00000007c0000000)
  eden space 47104K, 0% used [0x00000007bc400000,0x00000007bc400000,0x00000007bf200000)
  from space 6144K, 91% used [0x00000007bf300000,0x00000007bf880010,0x00000007bf900000)
  to   space 7168K, 0% used [0x00000007bf900000,0x00000007bf900000,0x00000007c0000000)
 ParOldGen       total 98816K, used 56673K [0x0000000700000000, 0x0000000706080000, 0x00000007bc400000)
  object space 98816K, 57% used [0x0000000700000000,0x0000000703758780,0x0000000706080000)
 Metaspace       used 71118K, capacity 71895K, committed 72448K, reserved 1112064K
  class space    used 10016K, capacity 10170K, committed 10240K, reserved 1048576K
}

