# JRE version: Java(TM) SE Runtime Environment (8.0_112-b15) (build 1.8.0_112-b15)
# Java VM: Java HotSpot(TM) 64-Bit Server VM (25.112-b15 mixed mode windows-amd64 compressed oops)
Heap:
 PSYoungGen      total 56832K, used 30125K [0x00000007bc400000, 0x00000007c0000000, 0x00000007c0000000)
  eden space 51712K, 55% used [0x00000007bc400000,0x00000007bdff3478,0x00000007bf680000)
  from space 5120K, 29% used [0x00000007bfb00000,0x00000007bfc78000,0x00000007c0000000)
  to   space 4608K, 0% used [0x00000007bf680000,0x00000007bf680000,0x00000007bfb00000)
 ParOldGen       total 193536K, used 109020K [0x0000000700000000, 0x000000070bd00000, 0x00000007bc400000)
  object space 193536K, 56% used [0x0000000700000000,0x0000000706a77338,0x000000070bd00000)
 Metaspace       used 79814K, capacity 80719K, committed 81408K, reserved 1118208K
  class space    used 11481K, capacity 11662K, committed 11776K, reserved 1048576K
GC Heap History (10 events):
Event: 7132.184 GC heap before
{Heap before GC invocations=563 (full 61):
 PSYoungGen      total 56320K, used 3372K [0x00000007bc400000, 0x00000007c0000000, 0x00000007c0000000)
  eden space 51200K, 0% used [0x00000007bc400000,0x00000007bc400000,0x00000007bf600000)
  from space 5120K, 65% used [0x00000007bfb00000,0x00000007bfe4b008,0x00000007c0000000)
  to   space 5120K, 0% used [0x00000007bf600000,0x00000007bf600000,0x00000007bfb00000)
 ParOldGen       total 193536K, used 115969K [0x0000000700000000, 0x000000070bd00000, 0x00000007bc400000)
  object space 193536K, 59% used [0x0000000700000000,0x00000007071404a0,0x000000070bd00000)
 Metaspace       used 79712K, capacity 80617K, committed 81152K, reserved 1118208K
  class space    used 11467K, capacity 11653K, committed 11776K, reserved 1048576K
Event: 7132.781 GC heap after
Heap after GC invocations=563 (full 61):
 PSYoungGen      total 56320K, used 0K [0x00000007bc400000, 0x00000007c0000000, 0x00000007c0000000)
  eden space 51200K, 0% used [0x00000007bc400000,0x00000007bc400000,0x00000007bf600000)
  from space 5120K, 0% used [0x00000007bfb00000,0x00000007bfb00000,0x00000007c0000000)
  to   space 5120K, 0% used [0x00000007bf600000,0x00000007bf600000,0x00000007bfb00000)
 ParOldGen       total 193536K, used 109012K [0x0000000700000000, 0x000000070bd00000, 0x00000007bc400000)
  object space 193536K, 56% used [0x0000000700000000,0x0000000706a75338,0x000000070bd00000)
 Metaspace       used 79712K, capacity 80617K, committed 81152K, reserved 1118208K
  class space    used 11467K, capacity 11653K, committed 11776K, reserved 1048576K
}
Event: 7143.799 GC heap before
{Heap before GC invocations=564 (full 61):
 PSYoungGen      total 56320K, used 51200K [0x00000007bc400000, 0x00000007c0000000, 0x00000007c0000000)
  eden space 51200K, 100% used [0x00000007bc400000,0x00000007bf600000,0x00000007bf600000)
  from space 5120K, 0% used [0x00000007bfb00000,0x00000007bfb00000,0x00000007c0000000)
  to   space 5120K, 0% used [0x00000007bf600000,0x00000007bf600000,0x00000007bfb00000)
 ParOldGen       total 193536K, used 109012K [0x0000000700000000, 0x000000070bd00000, 0x00000007bc400000)
  object space 193536K, 56% used [0x0000000700000000,0x0000000706a75338,0x000000070bd00000)
 Metaspace       used 79802K, capacity 80655K, committed 81152K, reserved 1118208K
  class space    used 11481K, capacity 11662K, committed 11776K, reserved 1048576K
Event: 7143.806 GC heap after
Heap after GC invocations=564 (full 61):
 PSYoungGen      total 56320K, used 982K [0x00000007bc400000, 0x00000007c0000000, 0x00000007c0000000)
  eden space 51200K, 0% used [0x00000007bc400000,0x00000007bc400000,0x00000007bf600000)
  from space 5120K, 19% used [0x00000007bf600000,0x00000007bf6f59c0,0x00000007bfb00000)
  to   space 5120K, 0% used [0x00000007bfb00000,0x00000007bfb00000,0x00000007c0000000)
 ParOldGen       total 193536K, used 109020K [0x0000000700000000, 0x000000070bd00000, 0x00000007bc400000)
  object space 193536K, 56% used [0x0000000700000000,0x0000000706a77338,0x000000070bd00000)
 Metaspace       used 79802K, capacity 80655K, committed 81152K, reserved 1118208K
  class space    used 11481K, capacity 11662K, committed 11776K, reserved 1048576K
}
Event: 7146.243 GC heap before
{Heap before GC invocations=565 (full 61):
 PSYoungGen      total 56320K, used 52182K [0x00000007bc400000, 0x00000007c0000000, 0x00000007c0000000)
  eden space 51200K, 100% used [0x00000007bc400000,0x00000007bf600000,0x00000007bf600000)
  from space 5120K, 19% used [0x00000007bf600000,0x00000007bf6f59c0,0x00000007bfb00000)
  to   space 5120K, 0% used [0x00000007bfb00000,0x00000007bfb00000,0x00000007c0000000)
 ParOldGen       total 193536K, used 109020K [0x0000000700000000, 0x000000070bd00000, 0x00000007bc400000)
  object space 193536K, 56% used [0x0000000700000000,0x0000000706a77338,0x000000070bd00000)
 Metaspace       used 79807K, capacity 80719K, committed 81408K, reserved 1118208K
  class space    used 11481K, capacity 11662K, committed 11776K, reserved 1048576K
Event: 7146.248 GC heap after
Heap after GC invocations=565 (full 61):
 PSYoungGen      total 56320K, used 736K [0x00000007bc400000, 0x00000007c0000000, 0x00000007c0000000)
  eden space 51200K, 0% used [0x00000007bc400000,0x00000007bc400000,0x00000007bf600000)
  from space 5120K, 14% used [0x00000007bfb00000,0x00000007bfbb8000,0x00000007c0000000)
  to   space 5120K, 0% used [0x00000007bf600000,0x00000007bf600000,0x00000007bfb00000)
 ParOldGen       total 193536K, used 109020K [0x0000000700000000, 0x000000070bd00000, 0x00000007bc400000)
  object space 193536K, 56% used [0x0000000700000000,0x0000000706a77338,0x000000070bd00000)
 Metaspace       used 79807K, capacity 80719K, committed 81408K, reserved 1118208K
  class space    used 11481K, capacity 11662K, committed 11776K, reserved 1048576K
}
Event: 7151.489 GC heap before
{Heap before GC invocations=566 (full 61):
 PSYoungGen      total 56320K, used 51936K [0x00000007bc400000, 0x00000007c0000000, 0x00000007c0000000)
  eden space 51200K, 100% used [0x00000007bc400000,0x00000007bf600000,0x00000007bf600000)
  from space 5120K, 14% used [0x00000007bfb00000,0x00000007bfbb8000,0x00000007c0000000)
  to   space 5120K, 0% used [0x00000007bf600000,0x00000007bf600000,0x00000007bfb00000)
 ParOldGen       total 193536K, used 109020K [0x0000000700000000, 0x000000070bd00000, 0x00000007bc400000)
  object space 193536K, 56% used [0x0000000700000000,0x0000000706a77338,0x000000070bd00000)
 Metaspace       used 79808K, capacity 80719K, committed 81408K, reserved 1118208K
  class space    used 11481K, capacity 11662K, committed 11776K, reserved 1048576K
Event: 7151.504 GC heap after
Heap after GC invocations=566 (full 61):
 PSYoungGen      total 56320K, used 1280K [0x00000007bc400000, 0x00000007c0000000, 0x00000007c0000000)
  eden space 51200K, 0% used [0x00000007bc400000,0x00000007bc400000,0x00000007bf600000)
  from space 5120K, 25% used [0x00000007bf600000,0x00000007bf740000,0x00000007bfb00000)
  to   space 5120K, 0% used [0x00000007bfb00000,0x00000007bfb00000,0x00000007c0000000)
 ParOldGen       total 193536K, used 109020K [0x0000000700000000, 0x000000070bd00000, 0x00000007bc400000)
  object space 193536K, 56% used [0x0000000700000000,0x0000000706a77338,0x000000070bd00000)
 Metaspace       used 79808K, capacity 80719K, committed 81408K, reserved 1118208K
  class space    used 11481K, capacity 11662K, committed 11776K, reserved 1048576K
}
Event: 7179.351 GC heap before
{Heap before GC invocations=567 (full 61):
 PSYoungGen      total 56320K, used 52480K [0x00000007bc400000, 0x00000007c0000000, 0x00000007c0000000)
  eden space 51200K, 100% used [0x00000007bc400000,0x00000007bf600000,0x00000007bf600000)
  from space 5120K, 25% used [0x00000007bf600000,0x00000007bf740000,0x00000007bfb00000)
  to   space 5120K, 0% used [0x00000007bfb00000,0x00000007bfb00000,0x00000007c0000000)
 ParOldGen       total 193536K, used 109020K [0x0000000700000000, 0x000000070bd00000, 0x00000007bc400000)
  object space 193536K, 56% used [0x0000000700000000,0x0000000706a77338,0x000000070bd00000)
 Metaspace       used 79808K, capacity 80719K, committed 81408K, reserved 1118208K
  class space    used 11481K, capacity 11662K, committed 11776K, reserved 1048576K
Event: 7179.359 GC heap after
Heap after GC invocations=567 (full 61):
 PSYoungGen      total 56832K, used 1504K [0x00000007bc400000, 0x00000007c0000000, 0x00000007c0000000)
  eden space 51712K, 0% used [0x00000007bc400000,0x00000007bc400000,0x00000007bf680000)
  from space 5120K, 29% used [0x00000007bfb00000,0x00000007bfc78000,0x00000007c0000000)
  to   space 4608K, 0% used [0x00000007bf680000,0x00000007bf680000,0x00000007bfb00000)
 ParOldGen       total 193536K, used 109020K [0x0000000700000000, 0x000000070bd00000, 0x00000007bc400000)
  object space 193536K, 56% used [0x0000000700000000,0x0000000706a77338,0x000000070bd00000)
 Metaspace       used 79808K, capacity 80719K, committed 81408K, reserved 1118208K
  class space    used 11481K, capacity 11662K, committed 11776K, reserved 1048576K
}

