# JRE version: Java(TM) SE Runtime Environment (8.0_112-b15) (build 1.8.0_112-b15)
# Java VM: Java HotSpot(TM) 64-Bit Server VM (25.112-b15 mixed mode windows-amd64 compressed oops)
Heap:
 PSYoungGen      total 50176K, used 15297K [0x00000007bc400000, 0x00000007c0000000, 0x00000007c0000000)
  eden space 38912K, 22% used [0x00000007bc400000,0x00000007bcca85f0,0x00000007bea00000)
  from space 11264K, 57% used [0x00000007bea00000,0x00000007bf048000,0x00000007bf500000)
  to   space 10752K, 0% used [0x00000007bf580000,0x00000007bf580000,0x00000007c0000000)
 ParOldGen       total 166400K, used 43679K [0x0000000700000000, 0x000000070a280000, 0x00000007bc400000)
  object space 166400K, 26% used [0x0000000700000000,0x0000000702aa7d18,0x000000070a280000)
 Metaspace       used 64020K, capacity 64553K, committed 65280K, reserved 1105920K
  class space    used 9001K, capacity 9129K, committed 9216K, reserved 1048576K
GC Heap History (10 events):
Event: 808.182 GC heap before
{Heap before GC invocations=45 (full 4):
 PSYoungGen      total 49664K, used 44710K [0x00000007bc400000, 0x00000007c0000000, 0x00000007c0000000)
  eden space 37888K, 100% used [0x00000007bc400000,0x00000007be900000,0x00000007be900000)
  from space 11776K, 57% used [0x00000007bf480000,0x00000007bfb29ba8,0x00000007c0000000)
  to   space 11776K, 0% used [0x00000007be900000,0x00000007be900000,0x00000007bf480000)
 ParOldGen       total 166400K, used 40561K [0x0000000700000000, 0x000000070a280000, 0x00000007bc400000)
  object space 166400K, 24% used [0x0000000700000000,0x000000070279c768,0x000000070a280000)
 Metaspace       used 63186K, capacity 63719K, committed 64384K, reserved 1103872K
  class space    used 8909K, capacity 9028K, committed 9088K, reserved 1048576K
Event: 808.202 GC heap after
Heap after GC invocations=45 (full 4):
 PSYoungGen      total 49664K, used 7211K [0x00000007bc400000, 0x00000007c0000000, 0x00000007c0000000)
  eden space 37888K, 0% used [0x00000007bc400000,0x00000007bc400000,0x00000007be900000)
  from space 11776K, 61% used [0x00000007be900000,0x00000007bf00af90,0x00000007bf480000)
  to   space 11776K, 0% used [0x00000007bf480000,0x00000007bf480000,0x00000007c0000000)
 ParOldGen       total 166400K, used 40716K [0x0000000700000000, 0x000000070a280000, 0x00000007bc400000)
  object space 166400K, 24% used [0x0000000700000000,0x00000007027c3388,0x000000070a280000)
 Metaspace       used 63186K, capacity 63719K, committed 64384K, reserved 1103872K
  class space    used 8909K, capacity 9028K, committed 9088K, reserved 1048576K
}
Event: 845.145 GC heap before
{Heap before GC invocations=46 (full 4):
 PSYoungGen      total 49664K, used 45099K [0x00000007bc400000, 0x00000007c0000000, 0x00000007c0000000)
  eden space 37888K, 100% used [0x00000007bc400000,0x00000007be900000,0x00000007be900000)
  from space 11776K, 61% used [0x00000007be900000,0x00000007bf00af90,0x00000007bf480000)
  to   space 11776K, 0% used [0x00000007bf480000,0x00000007bf480000,0x00000007c0000000)
 ParOldGen       total 166400K, used 40716K [0x0000000700000000, 0x000000070a280000, 0x00000007bc400000)
  object space 166400K, 24% used [0x0000000700000000,0x00000007027c3388,0x000000070a280000)
 Metaspace       used 63378K, capacity 63911K, committed 64640K, reserved 1105920K
  class space    used 8911K, capacity 9028K, committed 9088K, reserved 1048576K
Event: 845.158 GC heap after
Heap after GC invocations=46 (full 4):
 PSYoungGen      total 49664K, used 4369K [0x00000007bc400000, 0x00000007c0000000, 0x00000007c0000000)
  eden space 37888K, 0% used [0x00000007bc400000,0x00000007bc400000,0x00000007be900000)
  from space 11776K, 37% used [0x00000007bf480000,0x00000007bf8c44b0,0x00000007c0000000)
  to   space 11776K, 0% used [0x00000007be900000,0x00000007be900000,0x00000007bf480000)
 ParOldGen       total 166400K, used 43442K [0x0000000700000000, 0x000000070a280000, 0x00000007bc400000)
  object space 166400K, 26% used [0x0000000700000000,0x0000000702a6cae8,0x000000070a280000)
 Metaspace       used 63378K, capacity 63911K, committed 64640K, reserved 1105920K
  class space    used 8911K, capacity 9028K, committed 9088K, reserved 1048576K
}
Event: 850.903 GC heap before
{Heap before GC invocations=47 (full 4):
 PSYoungGen      total 49664K, used 42257K [0x00000007bc400000, 0x00000007c0000000, 0x00000007c0000000)
  eden space 37888K, 100% used [0x00000007bc400000,0x00000007be900000,0x00000007be900000)
  from space 11776K, 37% used [0x00000007bf480000,0x00000007bf8c44b0,0x00000007c0000000)
  to   space 11776K, 0% used [0x00000007be900000,0x00000007be900000,0x00000007bf480000)
 ParOldGen       total 166400K, used 43442K [0x0000000700000000, 0x000000070a280000, 0x00000007bc400000)
  object space 166400K, 26% used [0x0000000700000000,0x0000000702a6cae8,0x000000070a280000)
 Metaspace       used 63717K, capacity 64285K, committed 65024K, reserved 1105920K
  class space    used 8986K, capacity 9127K, committed 9216K, reserved 1048576K
Event: 850.917 GC heap after
Heap after GC invocations=47 (full 4):
 PSYoungGen      total 49664K, used 5728K [0x00000007bc400000, 0x00000007c0000000, 0x00000007c0000000)
  eden space 37888K, 0% used [0x00000007bc400000,0x00000007bc400000,0x00000007be900000)
  from space 11776K, 48% used [0x00000007be900000,0x00000007bee98000,0x00000007bf480000)
  to   space 11264K, 0% used [0x00000007bf500000,0x00000007bf500000,0x00000007c0000000)
 ParOldGen       total 166400K, used 43639K [0x0000000700000000, 0x000000070a280000, 0x00000007bc400000)
  object space 166400K, 26% used [0x0000000700000000,0x0000000702a9dd18,0x000000070a280000)
 Metaspace       used 63717K, capacity 64285K, committed 65024K, reserved 1105920K
  class space    used 8986K, capacity 9127K, committed 9216K, reserved 1048576K
}
Event: 863.009 GC heap before
{Heap before GC invocations=48 (full 4):
 PSYoungGen      total 49664K, used 43616K [0x00000007bc400000, 0x00000007c0000000, 0x00000007c0000000)
  eden space 37888K, 100% used [0x00000007bc400000,0x00000007be900000,0x00000007be900000)
  from space 11776K, 48% used [0x00000007be900000,0x00000007bee98000,0x00000007bf480000)
  to   space 11264K, 0% used [0x00000007bf500000,0x00000007bf500000,0x00000007c0000000)
 ParOldGen       total 166400K, used 43639K [0x0000000700000000, 0x000000070a280000, 0x00000007bc400000)
  object space 166400K, 26% used [0x0000000700000000,0x0000000702a9dd18,0x000000070a280000)
 Metaspace       used 63936K, capacity 64477K, committed 65280K, reserved 1105920K
  class space    used 8999K, capacity 9127K, committed 9216K, reserved 1048576K
Event: 863.035 GC heap after
Heap after GC invocations=48 (full 4):
 PSYoungGen      total 50176K, used 7008K [0x00000007bc400000, 0x00000007c0000000, 0x00000007c0000000)
  eden space 38912K, 0% used [0x00000007bc400000,0x00000007bc400000,0x00000007bea00000)
  from space 11264K, 62% used [0x00000007bf500000,0x00000007bfbd8000,0x00000007c0000000)
  to   space 11264K, 0% used [0x00000007bea00000,0x00000007bea00000,0x00000007bf500000)
 ParOldGen       total 166400K, used 43663K [0x0000000700000000, 0x000000070a280000, 0x00000007bc400000)
  object space 166400K, 26% used [0x0000000700000000,0x0000000702aa3d18,0x000000070a280000)
 Metaspace       used 63936K, capacity 64477K, committed 65280K, reserved 1105920K
  class space    used 8999K, capacity 9127K, committed 9216K, reserved 1048576K
}
Event: 865.327 GC heap before
{Heap before GC invocations=49 (full 4):
 PSYoungGen      total 50176K, used 45920K [0x00000007bc400000, 0x00000007c0000000, 0x00000007c0000000)
  eden space 38912K, 100% used [0x00000007bc400000,0x00000007bea00000,0x00000007bea00000)
  from space 11264K, 62% used [0x00000007bf500000,0x00000007bfbd8000,0x00000007c0000000)
  to   space 11264K, 0% used [0x00000007bea00000,0x00000007bea00000,0x00000007bf500000)
 ParOldGen       total 166400K, used 43663K [0x0000000700000000, 0x000000070a280000, 0x00000007bc400000)
  object space 166400K, 26% used [0x0000000700000000,0x0000000702aa3d18,0x000000070a280000)
 Metaspace       used 64007K, capacity 64553K, committed 65280K, reserved 1105920K
  class space    used 9001K, capacity 9129K, committed 9216K, reserved 1048576K
Event: 865.340 GC heap after
Heap after GC invocations=49 (full 4):
 PSYoungGen      total 50176K, used 6432K [0x00000007bc400000, 0x00000007c0000000, 0x00000007c0000000)
  eden space 38912K, 0% used [0x00000007bc400000,0x00000007bc400000,0x00000007bea00000)
  from space 11264K, 57% used [0x00000007bea00000,0x00000007bf048000,0x00000007bf500000)
  to   space 10752K, 0% used [0x00000007bf580000,0x00000007bf580000,0x00000007c0000000)
 ParOldGen       total 166400K, used 43679K [0x0000000700000000, 0x000000070a280000, 0x00000007bc400000)
  object space 166400K, 26% used [0x0000000700000000,0x0000000702aa7d18,0x000000070a280000)
 Metaspace       used 64007K, capacity 64553K, committed 65280K, reserved 1105920K
  class space    used 9001K, capacity 9129K, committed 9216K, reserved 1048576K
}

